Requirement already satisfied: pip in /Utilisateurs/edreau01/.conda/envs/my_test_env/lib/python3.12/site-packages (26.0.1)
Looking in indexes: https://download.pytorch.org/whl/cu118
Requirement already satisfied: torch==2.2.0+cu118 in /Utilisateurs/edreau01/.conda/envs/my_test_env/lib/python3.12/site-packages (2.2.0+cu118)
Requirement already satisfied: torchvision==0.17.0+cu118 in /Utilisateurs/edreau01/.conda/envs/my_test_env/lib/python3.12/site-packages (0.17.0+cu118)
Requirement already satisfied: torchaudio==2.2.0+cu118 in /Utilisateurs/edreau01/.conda/envs/my_test_env/lib/python3.12/site-packages (2.2.0+cu118)
Requirement already satisfied: filelock in /Utilisateurs/edreau01/.conda/envs/my_test_env/lib/python3.12/site-packages (from torch==2.2.0+cu118) (3.20.0)
Requirement already satisfied: typing-extensions>=4.8.0 in /Utilisateurs/edreau01/.conda/envs/my_test_env/lib/python3.12/site-packages (from torch==2.2.0+cu118) (4.10.0)
Requirement already satisfied: sympy in /Utilisateurs/edreau01/.conda/envs/my_test_env/lib/python3.12/site-packages (from torch==2.2.0+cu118) (1.14.0)
Requirement already satisfied: networkx in /Utilisateurs/edreau01/.conda/envs/my_test_env/lib/python3.12/site-packages (from torch==2.2.0+cu118) (3.6)
Requirement already satisfied: jinja2 in /Utilisateurs/edreau01/.conda/envs/my_test_env/lib/python3.12/site-packages (from torch==2.2.0+cu118) (3.1.6)
Requirement already satisfied: fsspec in /Utilisateurs/edreau01/.conda/envs/my_test_env/lib/python3.12/site-packages (from torch==2.2.0+cu118) (2025.10.0)
Requirement already satisfied: nvidia-cuda-nvrtc-cu11==11.8.89 in /Utilisateurs/edreau01/.conda/envs/my_test_env/lib/python3.12/site-packages (from torch==2.2.0+cu118) (11.8.89)
Requirement already satisfied: nvidia-cuda-runtime-cu11==11.8.89 in /Utilisateurs/edreau01/.conda/envs/my_test_env/lib/python3.12/site-packages (from torch==2.2.0+cu118) (11.8.89)
Requirement already satisfied: nvidia-cuda-cupti-cu11==11.8.87 in /Utilisateurs/edreau01/.conda/envs/my_test_env/lib/python3.12/site-packages (from torch==2.2.0+cu118) (11.8.87)
Requirement already satisfied: nvidia-cudnn-cu11==8.7.0.84 in /Utilisateurs/edreau01/.conda/envs/my_test_env/lib/python3.12/site-packages (from torch==2.2.0+cu118) (8.7.0.84)
Requirement already satisfied: nvidia-cublas-cu11==11.11.3.6 in /Utilisateurs/edreau01/.conda/envs/my_test_env/lib/python3.12/site-packages (from torch==2.2.0+cu118) (11.11.3.6)
Requirement already satisfied: nvidia-cufft-cu11==10.9.0.58 in /Utilisateurs/edreau01/.conda/envs/my_test_env/lib/python3.12/site-packages (from torch==2.2.0+cu118) (10.9.0.58)
Requirement already satisfied: nvidia-curand-cu11==10.3.0.86 in /Utilisateurs/edreau01/.conda/envs/my_test_env/lib/python3.12/site-packages (from torch==2.2.0+cu118) (10.3.0.86)
Requirement already satisfied: nvidia-cusolver-cu11==11.4.1.48 in /Utilisateurs/edreau01/.conda/envs/my_test_env/lib/python3.12/site-packages (from torch==2.2.0+cu118) (11.4.1.48)
Requirement already satisfied: nvidia-cusparse-cu11==11.7.5.86 in /Utilisateurs/edreau01/.conda/envs/my_test_env/lib/python3.12/site-packages (from torch==2.2.0+cu118) (11.7.5.86)
Requirement already satisfied: nvidia-nccl-cu11==2.19.3 in /Utilisateurs/edreau01/.conda/envs/my_test_env/lib/python3.12/site-packages (from torch==2.2.0+cu118) (2.19.3)
Requirement already satisfied: nvidia-nvtx-cu11==11.8.86 in /Utilisateurs/edreau01/.conda/envs/my_test_env/lib/python3.12/site-packages (from torch==2.2.0+cu118) (11.8.86)
Requirement already satisfied: numpy in /Utilisateurs/edreau01/.conda/envs/my_test_env/lib/python3.12/site-packages (from torchvision==0.17.0+cu118) (1.26.4)
Requirement already satisfied: requests in /Utilisateurs/edreau01/.conda/envs/my_test_env/lib/python3.12/site-packages (from torchvision==0.17.0+cu118) (2.32.5)
Requirement already satisfied: pillow!=8.3.*,>=5.3.0 in /Utilisateurs/edreau01/.conda/envs/my_test_env/lib/python3.12/site-packages (from torchvision==0.17.0+cu118) (11.3.0)
Requirement already satisfied: MarkupSafe>=2.0 in /Utilisateurs/edreau01/.conda/envs/my_test_env/lib/python3.12/site-packages (from jinja2->torch==2.2.0+cu118) (3.0.3)
Requirement already satisfied: charset_normalizer<4,>=2 in /Utilisateurs/edreau01/.conda/envs/my_test_env/lib/python3.12/site-packages (from requests->torchvision==0.17.0+cu118) (3.4.4)
Requirement already satisfied: idna<4,>=2.5 in /Utilisateurs/edreau01/.conda/envs/my_test_env/lib/python3.12/site-packages (from requests->torchvision==0.17.0+cu118) (3.11)
Requirement already satisfied: urllib3<3,>=1.21.1 in /Utilisateurs/edreau01/.conda/envs/my_test_env/lib/python3.12/site-packages (from requests->torchvision==0.17.0+cu118) (2.5.0)
Requirement already satisfied: certifi>=2017.4.17 in /Utilisateurs/edreau01/.conda/envs/my_test_env/lib/python3.12/site-packages (from requests->torchvision==0.17.0+cu118) (2025.11.12)
Requirement already satisfied: mpmath<1.4,>=1.1.0 in /Utilisateurs/edreau01/.conda/envs/my_test_env/lib/python3.12/site-packages (from sympy->torch==2.2.0+cu118) (1.3.0)
Requirement already satisfied: numpy==1.26.4 in /Utilisateurs/edreau01/.conda/envs/my_test_env/lib/python3.12/site-packages (from -r requirements.txt (line 1)) (1.26.4)
Requirement already satisfied: torch==2.2.0+cu118 in /Utilisateurs/edreau01/.conda/envs/my_test_env/lib/python3.12/site-packages (from -r requirements.txt (line 2)) (2.2.0+cu118)
Requirement already satisfied: torchvision==0.17.0+cu118 in /Utilisateurs/edreau01/.conda/envs/my_test_env/lib/python3.12/site-packages (from -r requirements.txt (line 3)) (0.17.0+cu118)
Requirement already satisfied: torchaudio==2.2.0+cu118 in /Utilisateurs/edreau01/.conda/envs/my_test_env/lib/python3.12/site-packages (from -r requirements.txt (line 4)) (2.2.0+cu118)
Requirement already satisfied: timm==1.0.22 in /Utilisateurs/edreau01/.conda/envs/my_test_env/lib/python3.12/site-packages (from -r requirements.txt (line 5)) (1.0.22)
Requirement already satisfied: effdet==0.4.1 in /Utilisateurs/edreau01/.conda/envs/my_test_env/lib/python3.12/site-packages (from -r requirements.txt (line 6)) (0.4.1)
Requirement already satisfied: pillow==11.3.0 in /Utilisateurs/edreau01/.conda/envs/my_test_env/lib/python3.12/site-packages (from -r requirements.txt (line 7)) (11.3.0)
Requirement already satisfied: matplotlib==3.10.7 in /Utilisateurs/edreau01/.conda/envs/my_test_env/lib/python3.12/site-packages (from -r requirements.txt (line 8)) (3.10.7)
Requirement already satisfied: onnx==1.16.1 in /Utilisateurs/edreau01/.conda/envs/my_test_env/lib/python3.12/site-packages (from -r requirements.txt (line 9)) (1.16.1)
Requirement already satisfied: onnxruntime==1.20.1 in /Utilisateurs/edreau01/.conda/envs/my_test_env/lib/python3.12/site-packages (from -r requirements.txt (line 10)) (1.20.1)
Requirement already satisfied: protobuf==4.25.3 in /Utilisateurs/edreau01/.conda/envs/my_test_env/lib/python3.12/site-packages (from -r requirements.txt (line 11)) (4.25.3)
Requirement already satisfied: pycocotools==2.0.8 in /Utilisateurs/edreau01/.conda/envs/my_test_env/lib/python3.12/site-packages (from -r requirements.txt (line 12)) (2.0.8)
Requirement already satisfied: PyYAML==6.0.1 in /Utilisateurs/edreau01/.conda/envs/my_test_env/lib/python3.12/site-packages (from -r requirements.txt (line 13)) (6.0.1)
Requirement already satisfied: typing_extensions==4.10.0 in /Utilisateurs/edreau01/.conda/envs/my_test_env/lib/python3.12/site-packages (from -r requirements.txt (line 14)) (4.10.0)
Requirement already satisfied: tqdm==4.66.1 in /Utilisateurs/edreau01/.conda/envs/my_test_env/lib/python3.12/site-packages (from -r requirements.txt (line 15)) (4.66.1)
Requirement already satisfied: filelock in /Utilisateurs/edreau01/.conda/envs/my_test_env/lib/python3.12/site-packages (from torch==2.2.0+cu118->-r requirements.txt (line 2)) (3.20.0)
Requirement already satisfied: sympy in /Utilisateurs/edreau01/.conda/envs/my_test_env/lib/python3.12/site-packages (from torch==2.2.0+cu118->-r requirements.txt (line 2)) (1.14.0)
Requirement already satisfied: networkx in /Utilisateurs/edreau01/.conda/envs/my_test_env/lib/python3.12/site-packages (from torch==2.2.0+cu118->-r requirements.txt (line 2)) (3.6)
Requirement already satisfied: jinja2 in /Utilisateurs/edreau01/.conda/envs/my_test_env/lib/python3.12/site-packages (from torch==2.2.0+cu118->-r requirements.txt (line 2)) (3.1.6)
Requirement already satisfied: fsspec in /Utilisateurs/edreau01/.conda/envs/my_test_env/lib/python3.12/site-packages (from torch==2.2.0+cu118->-r requirements.txt (line 2)) (2025.10.0)
Requirement already satisfied: nvidia-cuda-nvrtc-cu11==11.8.89 in /Utilisateurs/edreau01/.conda/envs/my_test_env/lib/python3.12/site-packages (from torch==2.2.0+cu118->-r requirements.txt (line 2)) (11.8.89)
Requirement already satisfied: nvidia-cuda-runtime-cu11==11.8.89 in /Utilisateurs/edreau01/.conda/envs/my_test_env/lib/python3.12/site-packages (from torch==2.2.0+cu118->-r requirements.txt (line 2)) (11.8.89)
Requirement already satisfied: nvidia-cuda-cupti-cu11==11.8.87 in /Utilisateurs/edreau01/.conda/envs/my_test_env/lib/python3.12/site-packages (from torch==2.2.0+cu118->-r requirements.txt (line 2)) (11.8.87)
Requirement already satisfied: nvidia-cudnn-cu11==8.7.0.84 in /Utilisateurs/edreau01/.conda/envs/my_test_env/lib/python3.12/site-packages (from torch==2.2.0+cu118->-r requirements.txt (line 2)) (8.7.0.84)
Requirement already satisfied: nvidia-cublas-cu11==11.11.3.6 in /Utilisateurs/edreau01/.conda/envs/my_test_env/lib/python3.12/site-packages (from torch==2.2.0+cu118->-r requirements.txt (line 2)) (11.11.3.6)
Requirement already satisfied: nvidia-cufft-cu11==10.9.0.58 in /Utilisateurs/edreau01/.conda/envs/my_test_env/lib/python3.12/site-packages (from torch==2.2.0+cu118->-r requirements.txt (line 2)) (10.9.0.58)
Requirement already satisfied: nvidia-curand-cu11==10.3.0.86 in /Utilisateurs/edreau01/.conda/envs/my_test_env/lib/python3.12/site-packages (from torch==2.2.0+cu118->-r requirements.txt (line 2)) (10.3.0.86)
Requirement already satisfied: nvidia-cusolver-cu11==11.4.1.48 in /Utilisateurs/edreau01/.conda/envs/my_test_env/lib/python3.12/site-packages (from torch==2.2.0+cu118->-r requirements.txt (line 2)) (11.4.1.48)
Requirement already satisfied: nvidia-cusparse-cu11==11.7.5.86 in /Utilisateurs/edreau01/.conda/envs/my_test_env/lib/python3.12/site-packages (from torch==2.2.0+cu118->-r requirements.txt (line 2)) (11.7.5.86)
Requirement already satisfied: nvidia-nccl-cu11==2.19.3 in /Utilisateurs/edreau01/.conda/envs/my_test_env/lib/python3.12/site-packages (from torch==2.2.0+cu118->-r requirements.txt (line 2)) (2.19.3)
Requirement already satisfied: nvidia-nvtx-cu11==11.8.86 in /Utilisateurs/edreau01/.conda/envs/my_test_env/lib/python3.12/site-packages (from torch==2.2.0+cu118->-r requirements.txt (line 2)) (11.8.86)
Requirement already satisfied: requests in /Utilisateurs/edreau01/.conda/envs/my_test_env/lib/python3.12/site-packages (from torchvision==0.17.0+cu118->-r requirements.txt (line 3)) (2.32.5)
Requirement already satisfied: huggingface_hub in /Utilisateurs/edreau01/.conda/envs/my_test_env/lib/python3.12/site-packages (from timm==1.0.22->-r requirements.txt (line 5)) (1.1.7)
Requirement already satisfied: safetensors in /Utilisateurs/edreau01/.conda/envs/my_test_env/lib/python3.12/site-packages (from timm==1.0.22->-r requirements.txt (line 5)) (0.7.0)
Requirement already satisfied: omegaconf>=2.0 in /Utilisateurs/edreau01/.conda/envs/my_test_env/lib/python3.12/site-packages (from effdet==0.4.1->-r requirements.txt (line 6)) (2.3.0)
Requirement already satisfied: contourpy>=1.0.1 in /Utilisateurs/edreau01/.conda/envs/my_test_env/lib/python3.12/site-packages (from matplotlib==3.10.7->-r requirements.txt (line 8)) (1.3.3)
Requirement already satisfied: cycler>=0.10 in /Utilisateurs/edreau01/.conda/envs/my_test_env/lib/python3.12/site-packages (from matplotlib==3.10.7->-r requirements.txt (line 8)) (0.12.1)
Requirement already satisfied: fonttools>=4.22.0 in /Utilisateurs/edreau01/.conda/envs/my_test_env/lib/python3.12/site-packages (from matplotlib==3.10.7->-r requirements.txt (line 8)) (4.61.0)
Requirement already satisfied: kiwisolver>=1.3.1 in /Utilisateurs/edreau01/.conda/envs/my_test_env/lib/python3.12/site-packages (from matplotlib==3.10.7->-r requirements.txt (line 8)) (1.4.9)
Requirement already satisfied: packaging>=20.0 in /Utilisateurs/edreau01/.conda/envs/my_test_env/lib/python3.12/site-packages (from matplotlib==3.10.7->-r requirements.txt (line 8)) (25.0)
Requirement already satisfied: pyparsing>=3 in /Utilisateurs/edreau01/.conda/envs/my_test_env/lib/python3.12/site-packages (from matplotlib==3.10.7->-r requirements.txt (line 8)) (3.2.5)
Requirement already satisfied: python-dateutil>=2.7 in /Utilisateurs/edreau01/.conda/envs/my_test_env/lib/python3.12/site-packages (from matplotlib==3.10.7->-r requirements.txt (line 8)) (2.9.0.post0)
Requirement already satisfied: coloredlogs in /Utilisateurs/edreau01/.conda/envs/my_test_env/lib/python3.12/site-packages (from onnxruntime==1.20.1->-r requirements.txt (line 10)) (15.0.1)
Requirement already satisfied: flatbuffers in /Utilisateurs/edreau01/.conda/envs/my_test_env/lib/python3.12/site-packages (from onnxruntime==1.20.1->-r requirements.txt (line 10)) (25.9.23)
Requirement already satisfied: antlr4-python3-runtime==4.9.* in /Utilisateurs/edreau01/.conda/envs/my_test_env/lib/python3.12/site-packages (from omegaconf>=2.0->effdet==0.4.1->-r requirements.txt (line 6)) (4.9.3)
Requirement already satisfied: six>=1.5 in /Utilisateurs/edreau01/.conda/envs/my_test_env/lib/python3.12/site-packages (from python-dateutil>=2.7->matplotlib==3.10.7->-r requirements.txt (line 8)) (1.17.0)
Requirement already satisfied: humanfriendly>=9.1 in /Utilisateurs/edreau01/.conda/envs/my_test_env/lib/python3.12/site-packages (from coloredlogs->onnxruntime==1.20.1->-r requirements.txt (line 10)) (10.0)
Requirement already satisfied: hf-xet<2.0.0,>=1.2.0 in /Utilisateurs/edreau01/.conda/envs/my_test_env/lib/python3.12/site-packages (from huggingface_hub->timm==1.0.22->-r requirements.txt (line 5)) (1.2.0)
Requirement already satisfied: httpx<1,>=0.23.0 in /Utilisateurs/edreau01/.conda/envs/my_test_env/lib/python3.12/site-packages (from huggingface_hub->timm==1.0.22->-r requirements.txt (line 5)) (0.28.1)
Requirement already satisfied: shellingham in /Utilisateurs/edreau01/.conda/envs/my_test_env/lib/python3.12/site-packages (from huggingface_hub->timm==1.0.22->-r requirements.txt (line 5)) (1.5.4)
Requirement already satisfied: typer-slim in /Utilisateurs/edreau01/.conda/envs/my_test_env/lib/python3.12/site-packages (from huggingface_hub->timm==1.0.22->-r requirements.txt (line 5)) (0.20.0)
Requirement already satisfied: anyio in /Utilisateurs/edreau01/.conda/envs/my_test_env/lib/python3.12/site-packages (from httpx<1,>=0.23.0->huggingface_hub->timm==1.0.22->-r requirements.txt (line 5)) (4.12.0)
Requirement already satisfied: certifi in /Utilisateurs/edreau01/.conda/envs/my_test_env/lib/python3.12/site-packages (from httpx<1,>=0.23.0->huggingface_hub->timm==1.0.22->-r requirements.txt (line 5)) (2025.11.12)
Requirement already satisfied: httpcore==1.* in /Utilisateurs/edreau01/.conda/envs/my_test_env/lib/python3.12/site-packages (from httpx<1,>=0.23.0->huggingface_hub->timm==1.0.22->-r requirements.txt (line 5)) (1.0.9)
Requirement already satisfied: idna in /Utilisateurs/edreau01/.conda/envs/my_test_env/lib/python3.12/site-packages (from httpx<1,>=0.23.0->huggingface_hub->timm==1.0.22->-r requirements.txt (line 5)) (3.11)
Requirement already satisfied: h11>=0.16 in /Utilisateurs/edreau01/.conda/envs/my_test_env/lib/python3.12/site-packages (from httpcore==1.*->httpx<1,>=0.23.0->huggingface_hub->timm==1.0.22->-r requirements.txt (line 5)) (0.16.0)
Requirement already satisfied: MarkupSafe>=2.0 in /Utilisateurs/edreau01/.conda/envs/my_test_env/lib/python3.12/site-packages (from jinja2->torch==2.2.0+cu118->-r requirements.txt (line 2)) (3.0.3)
Requirement already satisfied: charset_normalizer<4,>=2 in /Utilisateurs/edreau01/.conda/envs/my_test_env/lib/python3.12/site-packages (from requests->torchvision==0.17.0+cu118->-r requirements.txt (line 3)) (3.4.4)
Requirement already satisfied: urllib3<3,>=1.21.1 in /Utilisateurs/edreau01/.conda/envs/my_test_env/lib/python3.12/site-packages (from requests->torchvision==0.17.0+cu118->-r requirements.txt (line 3)) (2.5.0)
Requirement already satisfied: mpmath<1.4,>=1.1.0 in /Utilisateurs/edreau01/.conda/envs/my_test_env/lib/python3.12/site-packages (from sympy->torch==2.2.0+cu118->-r requirements.txt (line 2)) (1.3.0)
Requirement already satisfied: click>=8.0.0 in /Utilisateurs/edreau01/.conda/envs/my_test_env/lib/python3.12/site-packages (from typer-slim->huggingface_hub->timm==1.0.22->-r requirements.txt (line 5)) (8.3.1)
[INFO] Device: cuda
[INFO] Classes (8): ['Bait_1_Squid', 'Bait_2_Sardine', 'Ray', 'Sunfish', 'Pilotfish', 'Shark', 'Jellyfish', 'Fish']
[INFO] Loading model tf_efficientdet_d0 …
[INFO] Model loaded.
[INFO] Loading model time: 0.328s
[INFO] Number of parameters: 3,832,097
[INFO] Warmup on 5 images…
[INFO] Running inference on 90 images…
/Utilisateurs/edreau01/datasets/dataset_test_3.0/images/20210808233020_000011__frame_00090.png
[0001/0090] 20210808233020_000011__frame_00090.png | inf=18.20 ms | det=0
/Utilisateurs/edreau01/datasets/dataset_test_3.0/images/20210808233020_000011__frame_00264.png
[0002/0090] 20210808233020_000011__frame_00264.png | inf=18.41 ms | det=0
/Utilisateurs/edreau01/datasets/dataset_test_3.0/images/20210808233020_000011__frame_12392.png
[0003/0090] 20210808233020_000011__frame_12392.png | inf=18.37 ms | det=0
/Utilisateurs/edreau01/datasets/dataset_test_3.0/images/20210808233020_000011__frame_12432.png
[0004/0090] 20210808233020_000011__frame_12432.png | inf=18.23 ms | det=0
/Utilisateurs/edreau01/datasets/dataset_test_3.0/images/20210808233020_000011__frame_12535.png
[0005/0090] 20210808233020_000011__frame_12535.png | inf=18.42 ms | det=0
/Utilisateurs/edreau01/datasets/dataset_test_3.0/images/20210808233020_000011__frame_12652.png
[0006/0090] 20210808233020_000011__frame_12652.png | inf=18.53 ms | det=2
/Utilisateurs/edreau01/datasets/dataset_test_3.0/images/20210808233020_000011__frame_12980.png
[0007/0090] 20210808233020_000011__frame_12980.png | inf=18.42 ms | det=1
/Utilisateurs/edreau01/datasets/dataset_test_3.0/images/20210808233020_000011__frame_13033.png
[0008/0090] 20210808233020_000011__frame_13033.png | inf=18.62 ms | det=1
/Utilisateurs/edreau01/datasets/dataset_test_3.0/images/20210808233020_000011__frame_13190.png
[0009/0090] 20210808233020_000011__frame_13190.png | inf=18.17 ms | det=1
/Utilisateurs/edreau01/datasets/dataset_test_3.0/images/20210808233020_000011__frame_13255.png
[0010/0090] 20210808233020_000011__frame_13255.png | inf=18.54 ms | det=1
/Utilisateurs/edreau01/datasets/dataset_test_3.0/images/20210808233020_000011__frame_13473.png
[0011/0090] 20210808233020_000011__frame_13473.png | inf=18.48 ms | det=1
/Utilisateurs/edreau01/datasets/dataset_test_3.0/images/20210808233020_000011__frame_13856.png
[0012/0090] 20210808233020_000011__frame_13856.png | inf=18.75 ms | det=0
/Utilisateurs/edreau01/datasets/dataset_test_3.0/images/20210808233020_000011__frame_14148.png
[0013/0090] 20210808233020_000011__frame_14148.png | inf=18.40 ms | det=0
/Utilisateurs/edreau01/datasets/dataset_test_3.0/images/20210808233020_000011__frame_14254.png
[0014/0090] 20210808233020_000011__frame_14254.png | inf=18.68 ms | det=0
/Utilisateurs/edreau01/datasets/dataset_test_3.0/images/20210904180455_000016__frame_13674.png
[0015/0090] 20210904180455_000016__frame_13674.png | inf=18.39 ms | det=3
/Utilisateurs/edreau01/datasets/dataset_test_3.0/images/20210904180455_000016__frame_13763.png
[0016/0090] 20210904180455_000016__frame_13763.png | inf=18.60 ms | det=1
/Utilisateurs/edreau01/datasets/dataset_test_3.0/images/20210904180455_000016__frame_13822.png
[0017/0090] 20210904180455_000016__frame_13822.png | inf=18.53 ms | det=0
/Utilisateurs/edreau01/datasets/dataset_test_3.0/images/20210904180455_000016__frame_13917.png
[0018/0090] 20210904180455_000016__frame_13917.png | inf=18.48 ms | det=0
/Utilisateurs/edreau01/datasets/dataset_test_3.0/images/20210904180455_000016__frame_14621.png
[0019/0090] 20210904180455_000016__frame_14621.png | inf=18.26 ms | det=1
/Utilisateurs/edreau01/datasets/dataset_test_3.0/images/20210904180455_000016__frame_14632.png
[0020/0090] 20210904180455_000016__frame_14632.png | inf=18.48 ms | det=2
/Utilisateurs/edreau01/datasets/dataset_test_3.0/images/20210904180455_000016__frame_14640.png
[0021/0090] 20210904180455_000016__frame_14640.png | inf=18.34 ms | det=1
/Utilisateurs/edreau01/datasets/dataset_test_3.0/images/20210904180455_000016__frame_14649.png
[0022/0090] 20210904180455_000016__frame_14649.png | inf=18.57 ms | det=2
/Utilisateurs/edreau01/datasets/dataset_test_3.0/images/20210904180455_000016__frame_14658.png
[0023/0090] 20210904180455_000016__frame_14658.png | inf=18.61 ms | det=6
/Utilisateurs/edreau01/datasets/dataset_test_3.0/images/20210904180455_000016__frame_14670.png
[0024/0090] 20210904180455_000016__frame_14670.png | inf=18.65 ms | det=0
/Utilisateurs/edreau01/datasets/dataset_test_3.0/images/20210904180455_000016__frame_14768.png
[0025/0090] 20210904180455_000016__frame_14768.png | inf=18.40 ms | det=1
/Utilisateurs/edreau01/datasets/dataset_test_3.0/images/20210904180455_000016__frame_14838.png
[0026/0090] 20210904180455_000016__frame_14838.png | inf=18.73 ms | det=1
/Utilisateurs/edreau01/datasets/dataset_test_3.0/images/20210904180455_000016__frame_14866.png
[0027/0090] 20210904180455_000016__frame_14866.png | inf=18.32 ms | det=0
/Utilisateurs/edreau01/datasets/dataset_test_3.0/images/20210904180455_000016__frame_14878.png
[0028/0090] 20210904180455_000016__frame_14878.png | inf=18.36 ms | det=4
/Utilisateurs/edreau01/datasets/dataset_test_3.0/images/20210904180455_000016__frame_14884.png
[0029/0090] 20210904180455_000016__frame_14884.png | inf=18.26 ms | det=5
/Utilisateurs/edreau01/datasets/dataset_test_3.0/images/20210904180455_000016__frame_14896.png
[0030/0090] 20210904180455_000016__frame_14896.png | inf=18.30 ms | det=4
/Utilisateurs/edreau01/datasets/dataset_test_3.0/images/20210904180455_000016__frame_14904.png
[0031/0090] 20210904180455_000016__frame_14904.png | inf=18.60 ms | det=4
/Utilisateurs/edreau01/datasets/dataset_test_3.0/images/20210904180455_000016__frame_15061.png
[0032/0090] 20210904180455_000016__frame_15061.png | inf=18.37 ms | det=4
/Utilisateurs/edreau01/datasets/dataset_test_3.0/images/20210904180455_000016__frame_15178.png
[0033/0090] 20210904180455_000016__frame_15178.png | inf=18.50 ms | det=1
/Utilisateurs/edreau01/datasets/dataset_test_3.0/images/20210904180455_000016__frame_15189.png
[0034/0090] 20210904180455_000016__frame_15189.png | inf=18.31 ms | det=1
/Utilisateurs/edreau01/datasets/dataset_test_3.0/images/20210904180455_000016__frame_15248.png
[0035/0090] 20210904180455_000016__frame_15248.png | inf=18.29 ms | det=4
/Utilisateurs/edreau01/datasets/dataset_test_3.0/images/20210905155724_000008__frame_00055.png
[0036/0090] 20210905155724_000008__frame_00055.png | inf=18.54 ms | det=0
/Utilisateurs/edreau01/datasets/dataset_test_3.0/images/20210905155724_000008__frame_00211.png
[0037/0090] 20210905155724_000008__frame_00211.png | inf=18.52 ms | det=0
/Utilisateurs/edreau01/datasets/dataset_test_3.0/images/20210905155724_000008__frame_00352.png
[0038/0090] 20210905155724_000008__frame_00352.png | inf=18.51 ms | det=0
/Utilisateurs/edreau01/datasets/dataset_test_3.0/images/20210905155724_000008__frame_02040.png
[0039/0090] 20210905155724_000008__frame_02040.png | inf=18.34 ms | det=1
/Utilisateurs/edreau01/datasets/dataset_test_3.0/images/20210905155724_000008__frame_02126.png
[0040/0090] 20210905155724_000008__frame_02126.png | inf=18.94 ms | det=0
/Utilisateurs/edreau01/datasets/dataset_test_3.0/images/20210905155724_000008__frame_02228.png
[0041/0090] 20210905155724_000008__frame_02228.png | inf=18.86 ms | det=1
/Utilisateurs/edreau01/datasets/dataset_test_3.0/images/20210905155724_000008__frame_02389.png
[0042/0090] 20210905155724_000008__frame_02389.png | inf=18.47 ms | det=0
/Utilisateurs/edreau01/datasets/dataset_test_3.0/images/20210905155724_000008__frame_02444.png
[0043/0090] 20210905155724_000008__frame_02444.png | inf=18.84 ms | det=0
/Utilisateurs/edreau01/datasets/dataset_test_3.0/images/20210905155724_000008__frame_02452.png
[0044/0090] 20210905155724_000008__frame_02452.png | inf=18.60 ms | det=0
/Utilisateurs/edreau01/datasets/dataset_test_3.0/images/20210905155724_000008__frame_02650.png
[0045/0090] 20210905155724_000008__frame_02650.png | inf=18.46 ms | det=0
/Utilisateurs/edreau01/datasets/dataset_test_3.0/images/20210905155724_000008__frame_02730.png
[0046/0090] 20210905155724_000008__frame_02730.png | inf=18.94 ms | det=0
/Utilisateurs/edreau01/datasets/dataset_test_3.0/images/20211001175059_000009__frame_00001.png
[0047/0090] 20211001175059_000009__frame_00001.png | inf=19.32 ms | det=0
/Utilisateurs/edreau01/datasets/dataset_test_3.0/images/20211001175059_000009__frame_00880.png
[0048/0090] 20211001175059_000009__frame_00880.png | inf=19.34 ms | det=0
/Utilisateurs/edreau01/datasets/dataset_test_3.0/images/20211001175059_000009__frame_00953.png
[0049/0090] 20211001175059_000009__frame_00953.png | inf=19.27 ms | det=2
/Utilisateurs/edreau01/datasets/dataset_test_3.0/images/20211001175059_000009__frame_00984.png
[0050/0090] 20211001175059_000009__frame_00984.png | inf=18.31 ms | det=4
/Utilisateurs/edreau01/datasets/dataset_test_3.0/images/20211001175059_000009__frame_01143.png
[0051/0090] 20211001175059_000009__frame_01143.png | inf=18.33 ms | det=0
/Utilisateurs/edreau01/datasets/dataset_test_3.0/images/20211001175059_000009__frame_01194.png
[0052/0090] 20211001175059_000009__frame_01194.png | inf=18.71 ms | det=2
/Utilisateurs/edreau01/datasets/dataset_test_3.0/images/20211001175059_000009__frame_01225.png
[0053/0090] 20211001175059_000009__frame_01225.png | inf=18.40 ms | det=3
/Utilisateurs/edreau01/datasets/dataset_test_3.0/images/20211001175059_000009__frame_01254.png
[0054/0090] 20211001175059_000009__frame_01254.png | inf=18.43 ms | det=5
/Utilisateurs/edreau01/datasets/dataset_test_3.0/images/20211001175059_000009__frame_01397.png
[0055/0090] 20211001175059_000009__frame_01397.png | inf=18.49 ms | det=4
/Utilisateurs/edreau01/datasets/dataset_test_3.0/images/20211001175059_000009__frame_01432.png
[0056/0090] 20211001175059_000009__frame_01432.png | inf=18.37 ms | det=5
/Utilisateurs/edreau01/datasets/dataset_test_3.0/images/20211001175059_000009__frame_01499.png
[0057/0090] 20211001175059_000009__frame_01499.png | inf=18.32 ms | det=5
/Utilisateurs/edreau01/datasets/dataset_test_3.0/images/20211001175059_000009__frame_01610.png
[0058/0090] 20211001175059_000009__frame_01610.png | inf=18.48 ms | det=0
/Utilisateurs/edreau01/datasets/dataset_test_3.0/images/20211001175059_000009__frame_02077.png
[0059/0090] 20211001175059_000009__frame_02077.png | inf=18.54 ms | det=5
/Utilisateurs/edreau01/datasets/dataset_test_3.0/images/20211001175059_000009__frame_02101.png
[0060/0090] 20211001175059_000009__frame_02101.png | inf=18.31 ms | det=4
/Utilisateurs/edreau01/datasets/dataset_test_3.0/images/20211001175059_000009__frame_03426.png
[0061/0090] 20211001175059_000009__frame_03426.png | inf=18.61 ms | det=3
/Utilisateurs/edreau01/datasets/dataset_test_3.0/images/20211001175059_000009__frame_04574.png
[0062/0090] 20211001175059_000009__frame_04574.png | inf=18.76 ms | det=3
/Utilisateurs/edreau01/datasets/dataset_test_3.0/images/20211001175059_000009__frame_04774.png
[0063/0090] 20211001175059_000009__frame_04774.png | inf=18.36 ms | det=2
/Utilisateurs/edreau01/datasets/dataset_test_3.0/images/20211001175059_000009__frame_05529.png
[0064/0090] 20211001175059_000009__frame_05529.png | inf=18.52 ms | det=5
/Utilisateurs/edreau01/datasets/dataset_test_3.0/images/20211001175059_000009__frame_05548.png
[0065/0090] 20211001175059_000009__frame_05548.png | inf=18.46 ms | det=4
/Utilisateurs/edreau01/datasets/dataset_test_3.0/images/20211001175059_000009__frame_05685.png
[0066/0090] 20211001175059_000009__frame_05685.png | inf=18.50 ms | det=1
/Utilisateurs/edreau01/datasets/dataset_test_3.0/images/20211001175059_000009__frame_05884.png
[0067/0090] 20211001175059_000009__frame_05884.png | inf=18.61 ms | det=0
/Utilisateurs/edreau01/datasets/dataset_test_3.0/images/20211001175059_000009__frame_05926.png
[0068/0090] 20211001175059_000009__frame_05926.png | inf=18.52 ms | det=0
/Utilisateurs/edreau01/datasets/dataset_test_3.0/images/20211001175059_000009__frame_05987.png
[0069/0090] 20211001175059_000009__frame_05987.png | inf=18.61 ms | det=0
/Utilisateurs/edreau01/datasets/dataset_test_3.0/images/20220813035732_000015__frame_06000.png
[0070/0090] 20220813035732_000015__frame_06000.png | inf=18.28 ms | det=2
/Utilisateurs/edreau01/datasets/dataset_test_3.0/images/20220813035732_000015__frame_06164.png
[0071/0090] 20220813035732_000015__frame_06164.png | inf=18.33 ms | det=3
/Utilisateurs/edreau01/datasets/dataset_test_3.0/images/20220813035732_000015__frame_09638.png
[0072/0090] 20220813035732_000015__frame_09638.png | inf=18.60 ms | det=0
/Utilisateurs/edreau01/datasets/dataset_test_3.0/images/20220813035732_000015__frame_09652.png
[0073/0090] 20220813035732_000015__frame_09652.png | inf=18.60 ms | det=0
/Utilisateurs/edreau01/datasets/dataset_test_3.0/images/20220813035732_000015__frame_09670.png
[0074/0090] 20220813035732_000015__frame_09670.png | inf=18.49 ms | det=1
/Utilisateurs/edreau01/datasets/dataset_test_3.0/images/20220813035732_000015__frame_09679.png
[0075/0090] 20220813035732_000015__frame_09679.png | inf=18.35 ms | det=3
/Utilisateurs/edreau01/datasets/dataset_test_3.0/images/20220813035732_000015__frame_09689.png
[0076/0090] 20220813035732_000015__frame_09689.png | inf=18.58 ms | det=3
/Utilisateurs/edreau01/datasets/dataset_test_3.0/images/20220813035732_000015__frame_09704.png
[0077/0090] 20220813035732_000015__frame_09704.png | inf=18.81 ms | det=0
/Utilisateurs/edreau01/datasets/dataset_test_3.0/images/20220813035732_000015__frame_09712.png
[0078/0090] 20220813035732_000015__frame_09712.png | inf=18.53 ms | det=0
/Utilisateurs/edreau01/datasets/dataset_test_3.0/images/IFLT0077__frame_00004.png
[0079/0090] IFLT0077__frame_00004.png | inf=18.43 ms | det=1
/Utilisateurs/edreau01/datasets/dataset_test_3.0/images/IFLT0077__frame_00740.png
[0080/0090] IFLT0077__frame_00740.png | inf=19.10 ms | det=0
/Utilisateurs/edreau01/datasets/dataset_test_3.0/images/IFLT0077__frame_00870.png
[0081/0090] IFLT0077__frame_00870.png | inf=18.39 ms | det=0
/Utilisateurs/edreau01/datasets/dataset_test_3.0/images/IFLT0077__frame_01076.png
[0082/0090] IFLT0077__frame_01076.png | inf=18.45 ms | det=1
/Utilisateurs/edreau01/datasets/dataset_test_3.0/images/IFLT0077__frame_01489.png
[0083/0090] IFLT0077__frame_01489.png | inf=18.38 ms | det=0
/Utilisateurs/edreau01/datasets/dataset_test_3.0/images/IFLT0077__frame_01640.png
[0084/0090] IFLT0077__frame_01640.png | inf=18.99 ms | det=0
/Utilisateurs/edreau01/datasets/dataset_test_3.0/images/IFLT0077__frame_01754.png
[0085/0090] IFLT0077__frame_01754.png | inf=18.36 ms | det=0
/Utilisateurs/edreau01/datasets/dataset_test_3.0/images/IFLT0077__frame_01860.png
[0086/0090] IFLT0077__frame_01860.png | inf=18.86 ms | det=1
/Utilisateurs/edreau01/datasets/dataset_test_3.0/images/IFLT0077__frame_02262.png
[0087/0090] IFLT0077__frame_02262.png | inf=18.52 ms | det=1
/Utilisateurs/edreau01/datasets/dataset_test_3.0/images/IFLT0077__frame_02399.png
[0088/0090] IFLT0077__frame_02399.png | inf=18.46 ms | det=0
/Utilisateurs/edreau01/datasets/dataset_test_3.0/images/IFLT0077__frame_02464.png
[0089/0090] IFLT0077__frame_02464.png | inf=18.73 ms | det=0
/Utilisateurs/edreau01/datasets/dataset_test_3.0/images/IFLT0077__frame_02809.png
[0090/0090] IFLT0077__frame_02809.png | inf=18.65 ms | det=0

[RESULT] Total time: 14.711s for 90 images
[RESULT] Avg inference time (per image): 18.53 ms
[RESULT] FPS (end-to-end loop): 6.12
[INFO] Wrote summary: /Utilisateurs/edreau01/efficientdet/output/res_dataset_sam_0.1/train/20260408-110134-tf_efficientdet_d0/res_test_3.0/classes_detected.txt
